<?xml version="1.0" encoding="UTF-8"?>
<testng-results skipped="0" failed="0" ignored="0" total="1" passed="1">
  <reporter-output>
    <line>
      <![CDATA[返回结果为]]>
    </line>
  </reporter-output>
  <suite name="添加用户" duration-ms="761" started-at="2019-09-06T17:19:10 CST" finished-at="2019-09-06T17:19:10 CST">
    <groups>
    </groups>
    <test name="addUser_test1" duration-ms="761" started-at="2019-09-06T17:19:10 CST" finished-at="2019-09-06T17:19:10 CST">
      <class name="com.apis.add.AddUser">
        <test-method status="PASS" signature="adduser(java.lang.String, java.lang.String, java.lang.String, java.lang.String, java.lang.String, java.lang.String)[pri:0, instance:com.apis.add.AddUser@548b7f67]" name="adduser" duration-ms="701" started-at="2019-09-06T17:19:10 CST" finished-at="2019-09-06T17:19:10 CST">
          <params>
            <param index="0">
              <value>
                <![CDATA[188]]>
              </value>
            </param>
            <param index="1">
              <value>
                <![CDATA[0]]>
              </value>
            </param>
            <param index="2">
              <value>
                <![CDATA[123321]]>
              </value>
            </param>
            <param index="3">
              <value>
                <![CDATA[0]]>
              </value>
            </param>
            <param index="4">
              <value>
                <![CDATA[0]]>
              </value>
            </param>
            <param index="5">
              <value>
                <![CDATA[jack]]>
              </value>
            </param>
          </params>
          <reporter-output>
            <line>
              <![CDATA[返回结果为]]>
            </line>
          </reporter-output>
        </test-method> <!-- adduser -->
      </class> <!-- com.apis.add.AddUser -->
    </test> <!-- addUser_test1 -->
  </suite> <!-- 添加用户 -->
</testng-results>
